2026-03-29 17:33:01 - INFO - 前缀发生变化，准备更新
2026-03-29 17:33:05 - INFO - 成功执行: git pull
2026-03-29 17:33:05 - INFO - 已写入新地址: 2408:822e:1ea1:6651:5054:ff:fefe:fb3f
2026-03-29 17:33:05 - INFO - 已写入新地址至Custom.xaml: 2408:822e:1ea1:6651:5054:ff:fefe:fb3f
2026-03-30 10:54:01 - INFO - 前缀发生变化，准备更新
2026-03-30 10:54:05 - INFO - 成功执行: git pull
2026-03-30 10:54:05 - INFO - 已写入新地址: 2408:822e:1ea1:6651::ced
2026-03-30 10:54:05 - INFO - 已写入新地址至Custom.xaml: 2408:822e:1ea1:6651::ced
2026-03-30 10:54:05 - INFO - Pushinto dynv6.com
2026-03-30 10:57:01 - INFO - 前缀发生变化，准备更新
2026-03-30 10:57:05 - INFO - 成功执行: git pull
2026-03-30 10:57:05 - INFO - 已写入新地址: 2408:822e:1ea1:6651::ced
2026-03-30 10:57:05 - INFO - 已写入新地址至Custom.xaml: 2408:822e:1ea1:6651::ced
2026-03-30 10:57:05 - INFO - Pushinto dynv6.com
2026-04-04 01:59:54 - INFO - 前缀发生变化，准备更新
2026-04-04 01:59:54 - INFO - Trying to Execute: git pull
2026-04-04 01:59:58 - INFO - 成功执行: git pull
2026-04-04 01:59:58 - INFO - 已写入新地址: 2408:822e:1ea1:6651::ced
2026-04-04 01:59:58 - INFO - 已写入新地址至Custom.xaml: 2408:822e:1ea1:6651::ced
2026-04-04 01:59:58 - INFO - Pushinto dynv6.com
2026-04-04 02:00:41 - INFO - 前缀发生变化，准备更新
2026-04-04 02:00:41 - INFO - Trying to Execute: git pull
2026-04-04 02:00:45 - INFO - 成功执行: git pull
2026-04-04 02:00:45 - INFO - 已写入新地址: 2408:822e:1ea1:6651::ced
2026-04-04 02:00:45 - INFO - 已写入新地址至Custom.xaml: 2408:822e:1ea1:6651::ced
2026-04-04 02:00:45 - INFO - Pushinto dynv6.com
2026-04-04 02:00:46 - INFO - Trying to Execute: git add .
2026-04-04 02:00:46 - INFO - 成功执行: git add .
2026-04-04 02:00:46 - INFO - Trying to Execute: git commit -m Update Address
2026-04-04 02:00:46 - INFO - 成功执行: git commit -m Update Address
2026-04-04 02:00:46 - INFO - Trying to Execute: git push
2026-04-04 02:00:50 - INFO - 成功执行: git push
2026-04-04 02:00:50 - INFO - 更新完成并已推送到 GitHub
2026-04-08 07:00:01 - INFO - 前缀发生变化，准备更新
2026-04-08 07:00:01 - INFO - Trying to Execute: git pull
2026-04-08 07:00:05 - INFO - 成功执行: git pull
2026-04-08 07:00:05 - INFO - 已写入新地址: 2408:822e:1ea3:98e1::ced
2026-04-08 07:00:05 - INFO - 已写入新地址至Custom.xaml: 2408:822e:1ea3:98e1::ced
2026-04-08 07:00:05 - INFO - Pushinto dynv6.com
2026-04-08 07:00:34 - INFO - Trying to Execute: git add .
2026-04-08 07:00:34 - INFO - 成功执行: git add .
2026-04-08 07:00:34 - INFO - Trying to Execute: git commit -m Update Address
2026-04-08 07:00:34 - INFO - 成功执行: git commit -m Update Address
2026-04-08 07:00:34 - INFO - Trying to Execute: git push
2026-04-08 07:00:38 - INFO - 成功执行: git push
2026-04-08 07:00:38 - INFO - 更新完成并已推送到 GitHub
2026-04-08 11:24:01 - INFO - 前缀发生变化，准备更新
2026-04-08 11:24:01 - INFO - Trying to Execute: git pull
2026-04-08 11:24:05 - INFO - 成功执行: git pull
2026-04-08 11:24:05 - INFO - 已写入新地址: 2408:822e:1ea3:3b41::ced
2026-04-08 11:24:05 - INFO - 已写入新地址至Custom.xaml: 2408:822e:1ea3:3b41::ced
2026-04-08 11:24:05 - INFO - Pushinto dynv6.com
2026-04-08 11:24:07 - INFO - Trying to Execute: git add .
2026-04-08 11:24:07 - INFO - 成功执行: git add .
2026-04-08 11:24:07 - INFO - Trying to Execute: git commit -m Update Address
2026-04-08 11:24:07 - INFO - 成功执行: git commit -m Update Address
2026-04-08 11:24:07 - INFO - Trying to Execute: git push
2026-04-08 11:24:11 - INFO - 成功执行: git push
2026-04-08 11:24:11 - INFO - 更新完成并已推送到 GitHub
2026-04-08 12:57:02 - INFO - 前缀发生变化，准备更新
2026-04-08 12:57:02 - INFO - Trying to Execute: git pull
2026-04-08 12:57:06 - INFO - 成功执行: git pull
2026-04-08 12:57:06 - INFO - 已写入新地址: 2408:822e:1ea0:bfc1::ced
2026-04-08 12:57:06 - INFO - 已写入新地址至Custom.xaml: 2408:822e:1ea0:bfc1::ced
2026-04-08 12:57:06 - INFO - Pushinto dynv6.com
2026-04-08 12:57:09 - INFO - Trying to Execute: git add .
2026-04-08 12:57:09 - INFO - 成功执行: git add .
2026-04-08 12:57:09 - INFO - Trying to Execute: git commit -m Update Address
2026-04-08 12:57:09 - INFO - 成功执行: git commit -m Update Address
2026-04-08 12:57:09 - INFO - Trying to Execute: git push
2026-04-08 12:57:13 - INFO - 成功执行: git push
2026-04-08 12:57:13 - INFO - 更新完成并已推送到 GitHub
2026-04-09 11:12:01 - INFO - 前缀发生变化，准备更新
2026-04-09 11:12:01 - INFO - Trying to Execute: git pull
2026-04-09 11:12:05 - INFO - 成功执行: git pull
2026-04-09 11:12:05 - INFO - 已写入新地址: 2408:822e:1ea2:af31:5054:ff:fefe:fb3f
2026-04-09 11:12:05 - INFO - 已写入新地址至Custom.xaml: 2408:822e:1ea2:af31:5054:ff:fefe:fb3f
2026-04-09 11:12:05 - INFO - Pushinto dynv6.com
2026-04-09 11:12:11 - INFO - Trying to Execute: git add .
2026-04-09 11:12:11 - INFO - 成功执行: git add .
2026-04-09 11:12:11 - INFO - Trying to Execute: git commit -m Update Address
2026-04-09 11:12:11 - INFO - 成功执行: git commit -m Update Address
2026-04-09 11:12:11 - INFO - Trying to Execute: git push
2026-04-09 11:12:15 - INFO - 成功执行: git push
2026-04-09 11:12:15 - INFO - 更新完成并已推送到 GitHub
2026-04-12 17:33:01 - INFO - 前缀发生变化，准备更新
2026-04-12 17:33:01 - INFO - Trying to Execute: git pull
2026-04-12 17:33:05 - INFO - 成功执行: git pull
2026-04-12 17:33:05 - INFO - 已写入新地址: 2408:822e:1ea0:ff31:5054:ff:fefe:fb3f
2026-04-12 17:33:05 - INFO - 已写入新地址至Custom.xaml: 2408:822e:1ea0:ff31:5054:ff:fefe:fb3f
2026-04-12 17:33:05 - INFO - Pushinto dynv6.com
2026-04-12 17:33:06 - INFO - Trying to Execute: git add .
2026-04-12 17:33:06 - INFO - 成功执行: git add .
2026-04-12 17:33:06 - INFO - Trying to Execute: git commit -m Update Address
2026-04-12 17:33:06 - INFO - 成功执行: git commit -m Update Address
2026-04-12 17:33:06 - INFO - Trying to Execute: git push
2026-04-12 17:33:11 - INFO - 成功执行: git push
2026-04-12 17:33:11 - INFO - 更新完成并已推送到 GitHub
2026-04-19 17:33:01 - INFO - 前缀发生变化，准备更新
2026-04-19 17:33:01 - INFO - Trying to Execute: git pull
2026-04-19 17:33:05 - INFO - 成功执行: git pull
2026-04-19 17:33:05 - INFO - 已写入新地址: 2408:822e:1ea1:c621:5054:ff:fefe:fb3f
2026-04-19 17:33:05 - INFO - 已写入新地址至Custom.xaml: 2408:822e:1ea1:c621:5054:ff:fefe:fb3f
2026-04-19 17:33:05 - INFO - Pushinto dynv6.com
2026-04-19 17:33:07 - INFO - Trying to Execute: git add .
2026-04-19 17:33:07 - INFO - 成功执行: git add .
2026-04-19 17:33:07 - INFO - Trying to Execute: git commit -m Update Address
2026-04-19 17:33:07 - INFO - 成功执行: git commit -m Update Address
2026-04-19 17:33:07 - INFO - Trying to Execute: git push
2026-04-19 17:33:11 - INFO - 成功执行: git push
2026-04-19 17:33:11 - INFO - 更新完成并已推送到 GitHub
2026-04-26 17:33:02 - INFO - 前缀发生变化，准备更新
2026-04-26 17:33:02 - INFO - Trying to Execute: git pull
2026-04-26 17:33:06 - INFO - 成功执行: git pull
2026-04-26 17:33:06 - INFO - 已写入新地址: 2408:822e:1ea1:7ac1:5054:ff:fefe:fb3f
2026-04-26 17:33:06 - INFO - 已写入新地址至Custom.xaml: 2408:822e:1ea1:7ac1:5054:ff:fefe:fb3f
2026-04-26 17:33:06 - INFO - Pushinto dynv6.com
2026-04-26 17:33:07 - INFO - Trying to Execute: git add .
2026-04-26 17:33:07 - INFO - 成功执行: git add .
2026-04-26 17:33:07 - INFO - Trying to Execute: git commit -m Update Address
2026-04-26 17:33:07 - INFO - 成功执行: git commit -m Update Address
2026-04-26 17:33:07 - INFO - Trying to Execute: git push
2026-04-26 17:33:11 - INFO - 成功执行: git push
2026-04-26 17:33:11 - INFO - 更新完成并已推送到 GitHub
2026-05-03 17:33:01 - INFO - 前缀发生变化，准备更新
2026-05-03 17:33:01 - INFO - Trying to Execute: git pull
2026-05-03 17:33:05 - INFO - 成功执行: git pull
2026-05-03 17:33:05 - INFO - 已写入新地址: 2408:822e:1ea2:af1:5054:ff:fefe:fb3f
2026-05-03 17:33:05 - INFO - 已写入新地址至Custom.xaml: 2408:822e:1ea2:af1:5054:ff:fefe:fb3f
2026-05-03 17:33:05 - INFO - Pushinto dynv6.com
2026-05-03 17:33:07 - INFO - Trying to Execute: git add .
2026-05-03 17:33:07 - INFO - 成功执行: git add .
2026-05-03 17:33:07 - INFO - Trying to Execute: git commit -m Update Address
2026-05-03 17:33:07 - INFO - 成功执行: git commit -m Update Address
2026-05-03 17:33:07 - INFO - Trying to Execute: git push
2026-05-03 17:33:12 - INFO - 成功执行: git push
2026-05-03 17:33:12 - INFO - 更新完成并已推送到 GitHub
2026-05-07 20:18:01 - INFO - 前缀发生变化，准备更新
2026-05-07 20:18:01 - INFO - Trying to Execute: git pull
2026-05-07 20:18:05 - INFO - 成功执行: git pull
2026-05-07 20:18:05 - INFO - 已写入新地址: 2408:822e:1ea2:f751:5054:ff:fefe:fb3f
2026-05-07 20:18:05 - INFO - 已写入新地址至Custom.xaml: 2408:822e:1ea2:f751:5054:ff:fefe:fb3f
2026-05-07 20:18:05 - INFO - Pushinto dynv6.com
2026-05-07 20:18:07 - INFO - Trying to Execute: git add .
2026-05-07 20:18:07 - INFO - 成功执行: git add .
2026-05-07 20:18:07 - INFO - Trying to Execute: git commit -m Update Address
2026-05-07 20:18:07 - INFO - 成功执行: git commit -m Update Address
2026-05-07 20:18:07 - INFO - Trying to Execute: git push
2026-05-07 20:18:11 - INFO - 成功执行: git push
2026-05-07 20:18:11 - INFO - 更新完成并已推送到 GitHub
2026-05-10 13:39:02 - INFO - 前缀发生变化，准备更新
2026-05-10 13:39:02 - INFO - Trying to Execute: git pull
2026-05-10 13:39:07 - INFO - 成功执行: git pull
2026-05-10 13:39:07 - INFO - 已写入新地址: 2408:822e:1ea1:4ef1::ced
2026-05-10 13:39:07 - INFO - 已写入新地址至Custom.xaml: 2408:822e:1ea1:4ef1::ced
2026-05-10 13:39:07 - INFO - Pushinto dynv6.com
2026-05-10 13:39:08 - INFO - Trying to Execute: git add .
2026-05-10 13:39:08 - INFO - 成功执行: git add .
2026-05-10 13:39:08 - INFO - Trying to Execute: git commit -m Update Address
2026-05-10 13:39:08 - INFO - 成功执行: git commit -m Update Address
2026-05-10 13:39:08 - INFO - Trying to Execute: git push
2026-05-10 13:39:12 - INFO - 成功执行: git push
2026-05-10 13:39:12 - INFO - 更新完成并已推送到 GitHub
2026-05-10 17:33:01 - INFO - 前缀发生变化，准备更新
2026-05-10 17:33:01 - INFO - Trying to Execute: git pull
2026-05-10 17:33:06 - INFO - 成功执行: git pull
2026-05-10 17:33:06 - INFO - 已写入新地址: 2408:822e:1ea1:bc31:5054:ff:fefe:fb3f
2026-05-10 17:33:06 - INFO - 已写入新地址至Custom.xaml: 2408:822e:1ea1:bc31:5054:ff:fefe:fb3f
2026-05-10 17:33:06 - INFO - Pushinto dynv6.com
2026-05-10 17:33:19 - INFO - Trying to Execute: git add .
2026-05-10 17:33:19 - INFO - 成功执行: git add .
2026-05-10 17:33:19 - INFO - Trying to Execute: git commit -m Update Address
2026-05-10 17:33:19 - INFO - 成功执行: git commit -m Update Address
2026-05-10 17:33:19 - INFO - Trying to Execute: git push
2026-05-10 17:33:23 - INFO - 成功执行: git push
2026-05-10 17:33:23 - INFO - 更新完成并已推送到 GitHub
2026-05-21 20:39:01 - INFO - 前缀发生变化，准备更新
2026-05-21 20:39:01 - INFO - Trying to Execute: git pull
2026-05-21 20:39:05 - INFO - 成功执行: git pull
2026-05-21 20:39:05 - INFO - 已写入新地址: 2408:822e:1ea2:d7e1:5054:ff:fefe:fb3f
2026-05-21 20:39:05 - INFO - 已写入新地址至Custom.xaml: 2408:822e:1ea2:d7e1:5054:ff:fefe:fb3f
2026-05-21 20:39:05 - INFO - Trying to Execute: git add .
2026-05-21 20:39:05 - INFO - 成功执行: git add .
2026-05-21 20:39:05 - INFO - Trying to Execute: git commit -m Update Address
2026-05-21 20:39:05 - INFO - 成功执行: git commit -m Update Address
2026-05-21 20:39:05 - INFO - Trying to Execute: git push
2026-05-21 20:39:10 - INFO - 成功执行: git push
2026-05-21 20:39:10 - INFO - 更新完成并已推送到 GitHub
2026-05-21 20:39:10 - INFO - Pushinto dynv6.com
2026-05-24 17:33:01 - INFO - 前缀发生变化，准备更新
2026-05-24 17:33:01 - INFO - Trying to Execute: git pull
2026-05-24 17:33:05 - INFO - 成功执行: git pull
2026-05-24 17:33:05 - INFO - 已写入新地址: 2408:822e:1ea0:81:5054:ff:fefe:fb3f
2026-05-24 17:33:05 - INFO - 已写入新地址至Custom.xaml: 2408:822e:1ea0:81:5054:ff:fefe:fb3f
2026-05-24 17:33:05 - INFO - Trying to Execute: git add .
2026-05-24 17:33:05 - INFO - 成功执行: git add .
2026-05-24 17:33:05 - INFO - Trying to Execute: git commit -m Update Address
2026-05-24 17:33:05 - INFO - 成功执行: git commit -m Update Address
2026-05-24 17:33:05 - INFO - Trying to Execute: git push
2026-05-24 17:33:09 - INFO - 成功执行: git push
2026-05-24 17:33:09 - INFO - 更新完成并已推送到 GitHub
2026-05-24 17:33:09 - INFO - Pushinto dynv6.com
2026-06-07 17:33:01 - INFO - 前缀发生变化，准备更新
2026-06-07 17:33:01 - INFO - Trying to Execute: git pull
2026-06-07 17:33:05 - INFO - 成功执行: git pull
2026-06-07 17:33:05 - INFO - 已写入新地址: 2408:822e:1ea1:d5a1:5054:ff:fefe:fb3f
2026-06-07 17:33:05 - INFO - 已写入新地址至Custom.xaml: 2408:822e:1ea1:d5a1:5054:ff:fefe:fb3f
2026-06-07 17:33:05 - INFO - Trying to Execute: git add .
2026-06-07 17:33:05 - INFO - 成功执行: git add .
2026-06-07 17:33:05 - INFO - Trying to Execute: git commit -m Update Address
2026-06-07 17:33:05 - INFO - 成功执行: git commit -m Update Address
2026-06-07 17:33:05 - INFO - Trying to Execute: git push
2026-06-07 17:33:09 - INFO - 成功执行: git push
2026-06-07 17:33:09 - INFO - 更新完成并已推送到 GitHub
2026-06-07 17:33:09 - INFO - Pushinto dynv6.com
2026-06-14 17:33:01 - INFO - 前缀发生变化，准备更新
2026-06-14 17:33:01 - INFO - Trying to Execute: git pull
2026-06-14 17:33:05 - INFO - 成功执行: git pull
2026-06-14 17:33:05 - INFO - 已写入新地址: 2408:822e:1ea1:261:5054:ff:fefe:fb3f
2026-06-14 17:33:05 - INFO - 已写入新地址至Custom.xaml: 2408:822e:1ea1:261:5054:ff:fefe:fb3f
2026-06-14 17:33:05 - INFO - Trying to Execute: git add .
2026-06-14 17:33:05 - INFO - 成功执行: git add .
2026-06-14 17:33:05 - INFO - Trying to Execute: git commit -m Update Address
2026-06-14 17:33:05 - INFO - 成功执行: git commit -m Update Address
2026-06-14 17:33:05 - INFO - Trying to Execute: git push
2026-06-14 17:33:09 - INFO - 成功执行: git push
2026-06-14 17:33:09 - INFO - 更新完成并已推送到 GitHub
2026-06-14 17:33:09 - INFO - Pushinto dynv6.com
2026-06-21 17:33:01 - INFO - 前缀发生变化，准备更新
2026-06-21 17:33:01 - INFO - Trying to Execute: git pull
2026-06-21 17:33:05 - INFO - 成功执行: git pull
2026-06-21 17:33:05 - INFO - 已写入新地址: 2408:822e:1ea1:5411:5054:ff:fefe:fb3f
2026-06-21 17:33:05 - INFO - 已写入新地址至Custom.xaml: 2408:822e:1ea1:5411:5054:ff:fefe:fb3f
2026-06-21 17:33:05 - INFO - Trying to Execute: git add .
2026-06-21 17:33:05 - INFO - 成功执行: git add .
2026-06-21 17:33:05 - INFO - Trying to Execute: git commit -m Update Address
2026-06-21 17:33:05 - INFO - 成功执行: git commit -m Update Address
2026-06-21 17:33:05 - INFO - Trying to Execute: git push
2026-06-21 17:33:09 - INFO - 成功执行: git push
2026-06-21 17:33:09 - INFO - 更新完成并已推送到 GitHub
2026-06-21 17:33:09 - INFO - Pushinto dynv6.com
2026-06-22 07:36:01 - INFO - 前缀发生变化，准备更新
2026-06-22 07:36:01 - INFO - Trying to Execute: git pull
2026-06-22 07:36:05 - INFO - 成功执行: git pull
2026-06-22 07:36:05 - INFO - 已写入新地址: 2408:822e:1ea1:7281:5054:ff:fefe:fb3f
2026-06-22 07:36:05 - INFO - 已写入新地址至Custom.xaml: 2408:822e:1ea1:7281:5054:ff:fefe:fb3f
2026-06-22 07:36:05 - INFO - Trying to Execute: git add .
2026-06-22 07:36:05 - INFO - 成功执行: git add .
2026-06-22 07:36:05 - INFO - Trying to Execute: git commit -m Update Address
2026-06-22 07:36:05 - INFO - 成功执行: git commit -m Update Address
2026-06-22 07:36:05 - INFO - Trying to Execute: git push
2026-06-22 07:36:10 - INFO - 成功执行: git push
2026-06-22 07:36:10 - INFO - 更新完成并已推送到 GitHub
2026-06-22 07:36:10 - INFO - Pushinto dynv6.com
2026-06-22 09:54:01 - INFO - 前缀发生变化，准备更新
2026-06-22 09:54:01 - INFO - Trying to Execute: git pull
2026-06-22 09:54:05 - INFO - 成功执行: git pull
2026-06-22 09:54:05 - INFO - 已写入新地址: 2408:822e:1ea3:2671:5054:ff:fefe:fb3f
2026-06-22 09:54:05 - INFO - 已写入新地址至Custom.xaml: 2408:822e:1ea3:2671:5054:ff:fefe:fb3f
2026-06-22 09:54:05 - INFO - Trying to Execute: git add .
2026-06-22 09:54:05 - INFO - 成功执行: git add .
2026-06-22 09:54:05 - INFO - Trying to Execute: git commit -m Update Address
2026-06-22 09:54:05 - INFO - 成功执行: git commit -m Update Address
2026-06-22 09:54:05 - INFO - Trying to Execute: git push
2026-06-22 09:54:41 - INFO - 成功执行: git push
2026-06-22 09:54:41 - INFO - 更新完成并已推送到 GitHub
2026-06-22 09:54:41 - INFO - Pushinto dynv6.com
2026-06-22 11:24:01 - INFO - 前缀发生变化，准备更新
2026-06-22 11:24:01 - INFO - Trying to Execute: git pull
2026-06-22 11:27:01 - INFO - 前缀发生变化，准备更新
2026-06-22 11:27:01 - INFO - Trying to Execute: git pull
2026-06-22 11:27:05 - INFO - 成功执行: git pull
2026-06-22 11:27:05 - INFO - 已写入新地址: 2408:822e:1ea0:ac01:5054:ff:fefe:fb3f
2026-06-22 11:27:05 - INFO - 已写入新地址至Custom.xaml: 2408:822e:1ea0:ac01:5054:ff:fefe:fb3f
2026-06-22 11:27:05 - INFO - Trying to Execute: git add .
2026-06-22 11:27:05 - INFO - 成功执行: git add .
2026-06-22 11:27:05 - INFO - Trying to Execute: git commit -m Update Address
2026-06-22 11:27:05 - INFO - 成功执行: git commit -m Update Address
2026-06-22 11:27:05 - INFO - Trying to Execute: git push
2026-06-22 11:27:10 - INFO - 成功执行: git push
2026-06-22 11:27:10 - INFO - 更新完成并已推送到 GitHub
2026-06-22 11:27:10 - INFO - Pushinto dynv6.com
2026-06-22 11:41:50 - ERROR - Git 命令失败: git pull
2026-06-22 11:41:50 - ERROR - stderr: ssh_dispatch_run_fatal: Connection to 20.205.243.166 port 22: Connection timed out
fatal: Could not read from remote repository.

Please make sure you have the correct access rights
and the repository exists.

2026-06-22 11:45:01 - INFO - 前缀发生变化，准备更新
2026-06-22 11:45:01 - INFO - Trying to Execute: git pull
2026-06-22 11:45:05 - INFO - 成功执行: git pull
2026-06-22 11:45:05 - INFO - 已写入新地址: 2408:822e:1ea4:2811:5054:ff:fefe:fb3f
2026-06-22 11:45:05 - INFO - 已写入新地址至Custom.xaml: 2408:822e:1ea4:2811:5054:ff:fefe:fb3f
2026-06-22 11:45:05 - INFO - Trying to Execute: git add .
2026-06-22 11:45:05 - INFO - 成功执行: git add .
2026-06-22 11:45:05 - INFO - Trying to Execute: git commit -m Update Address
2026-06-22 11:45:05 - INFO - 成功执行: git commit -m Update Address
2026-06-22 11:45:05 - INFO - Trying to Execute: git push
2026-06-22 11:45:10 - INFO - 成功执行: git push
2026-06-22 11:45:10 - INFO - 更新完成并已推送到 GitHub
2026-06-22 11:45:10 - INFO - Pushinto dynv6.com
2026-06-27 07:00:01 - ERROR - 未找到有效的全局 IPv6 地址
2026-06-27 07:00:01 - ERROR - 获取当前 IPv6 地址失败，退出
2026-06-27 07:03:01 - ERROR - 未找到有效的全局 IPv6 地址
2026-06-27 07:03:01 - ERROR - 获取当前 IPv6 地址失败，退出
2026-06-27 07:06:01 - ERROR - 未找到有效的全局 IPv6 地址
2026-06-27 07:06:01 - ERROR - 获取当前 IPv6 地址失败，退出
2026-06-27 07:09:01 - ERROR - 未找到有效的全局 IPv6 地址
2026-06-27 07:09:01 - ERROR - 获取当前 IPv6 地址失败，退出
2026-06-27 07:12:01 - ERROR - 未找到有效的全局 IPv6 地址
2026-06-27 07:12:01 - ERROR - 获取当前 IPv6 地址失败，退出
2026-06-27 07:15:01 - ERROR - 未找到有效的全局 IPv6 地址
2026-06-27 07:15:01 - ERROR - 获取当前 IPv6 地址失败，退出
2026-06-27 07:18:02 - ERROR - 未找到有效的全局 IPv6 地址
2026-06-27 07:18:02 - ERROR - 获取当前 IPv6 地址失败，退出
2026-06-27 07:21:01 - ERROR - 未找到有效的全局 IPv6 地址
2026-06-27 07:21:01 - ERROR - 获取当前 IPv6 地址失败，退出
2026-06-27 07:24:01 - ERROR - 未找到有效的全局 IPv6 地址
2026-06-27 07:24:01 - ERROR - 获取当前 IPv6 地址失败，退出
2026-06-27 07:27:01 - ERROR - 未找到有效的全局 IPv6 地址
2026-06-27 07:27:01 - ERROR - 获取当前 IPv6 地址失败，退出
2026-06-27 07:30:01 - ERROR - 未找到有效的全局 IPv6 地址
2026-06-27 07:30:01 - ERROR - 获取当前 IPv6 地址失败，退出
2026-06-27 07:33:01 - ERROR - 未找到有效的全局 IPv6 地址
2026-06-27 07:33:01 - ERROR - 获取当前 IPv6 地址失败，退出
2026-06-27 07:36:01 - ERROR - 未找到有效的全局 IPv6 地址
2026-06-27 07:36:01 - ERROR - 获取当前 IPv6 地址失败，退出
2026-06-27 07:39:01 - ERROR - 未找到有效的全局 IPv6 地址
2026-06-27 07:39:01 - ERROR - 获取当前 IPv6 地址失败，退出
2026-06-27 07:42:02 - ERROR - 未找到有效的全局 IPv6 地址
2026-06-27 07:42:02 - ERROR - 获取当前 IPv6 地址失败，退出
2026-06-27 07:45:01 - ERROR - 未找到有效的全局 IPv6 地址
2026-06-27 07:45:01 - ERROR - 获取当前 IPv6 地址失败，退出
2026-06-27 07:48:01 - ERROR - 未找到有效的全局 IPv6 地址
2026-06-27 07:48:01 - ERROR - 获取当前 IPv6 地址失败，退出
2026-06-27 07:51:01 - ERROR - 未找到有效的全局 IPv6 地址
2026-06-27 07:51:01 - ERROR - 获取当前 IPv6 地址失败，退出
2026-06-27 07:54:01 - ERROR - 未找到有效的全局 IPv6 地址
2026-06-27 07:54:01 - ERROR - 获取当前 IPv6 地址失败，退出
2026-06-27 07:57:01 - ERROR - 未找到有效的全局 IPv6 地址
2026-06-27 07:57:01 - ERROR - 获取当前 IPv6 地址失败，退出
2026-06-27 08:00:01 - ERROR - 未找到有效的全局 IPv6 地址
2026-06-27 08:00:01 - ERROR - 获取当前 IPv6 地址失败，退出
2026-06-27 08:03:01 - ERROR - 未找到有效的全局 IPv6 地址
2026-06-27 08:03:01 - ERROR - 获取当前 IPv6 地址失败，退出
2026-06-27 08:06:01 - ERROR - 未找到有效的全局 IPv6 地址
2026-06-27 08:06:01 - ERROR - 获取当前 IPv6 地址失败，退出
2026-06-27 08:09:01 - ERROR - 未找到有效的全局 IPv6 地址
2026-06-27 08:09:01 - ERROR - 获取当前 IPv6 地址失败，退出
2026-06-27 08:12:01 - ERROR - 未找到有效的全局 IPv6 地址
2026-06-27 08:12:01 - ERROR - 获取当前 IPv6 地址失败，退出
2026-06-27 08:15:01 - ERROR - 未找到有效的全局 IPv6 地址
2026-06-27 08:15:01 - ERROR - 获取当前 IPv6 地址失败，退出
2026-06-27 08:18:01 - ERROR - 未找到有效的全局 IPv6 地址
2026-06-27 08:18:01 - ERROR - 获取当前 IPv6 地址失败，退出
2026-06-27 08:21:01 - ERROR - 未找到有效的全局 IPv6 地址
2026-06-27 08:21:01 - ERROR - 获取当前 IPv6 地址失败，退出
2026-06-27 08:24:01 - ERROR - 未找到有效的全局 IPv6 地址
2026-06-27 08:24:01 - ERROR - 获取当前 IPv6 地址失败，退出
2026-06-27 08:27:01 - ERROR - 未找到有效的全局 IPv6 地址
2026-06-27 08:27:01 - ERROR - 获取当前 IPv6 地址失败，退出
2026-06-27 08:30:01 - ERROR - 未找到有效的全局 IPv6 地址
2026-06-27 08:30:01 - ERROR - 获取当前 IPv6 地址失败，退出
2026-07-04 08:12:01 - INFO - 前缀发生变化，准备更新
2026-07-04 08:12:01 - INFO - Trying to Execute: git pull
2026-07-04 08:12:06 - INFO - 成功执行: git pull
2026-07-04 08:12:06 - INFO - 已写入新地址: 2408:822e:1ea2:4851::ced
2026-07-04 08:12:06 - INFO - 已写入新地址至Custom.xaml: 2408:822e:1ea2:4851::ced
2026-07-04 08:12:06 - INFO - Trying to Execute: git add .
